2020-03-02 18:13:10.926 [main] INFO  a00999717.BookStore - 2020-03-03T02:13:10.924Z
2020-03-02 18:14:06.748 [main] INFO  a00999717.BookStore - 2020-03-03T02:14:06.747Z
2020-03-02 18:14:06.778 [main] DEBUG a00999717.io.Reader - ReadingD:\Projects\bcit\COMP2613\Assignment_1\Assignment1\Assignment1_A00999717\out\customers.dat
2020-03-02 18:14:06.786 [main] INFO  a00999717.io.Reader - Collected customers data.
2020-03-02 18:14:06.790 [main] DEBUG a00999717.io.Reader - ReadingD:\Projects\bcit\COMP2613\Assignment_1\Assignment1\Assignment1_A00999717\out\books500.csv
2020-03-02 18:14:06.799 [main] INFO  a00999717.io.Reader - Collected books data.
2020-03-02 18:14:06.800 [main] DEBUG a00999717.io.Reader - ReadingD:\Projects\bcit\COMP2613\Assignment_1\Assignment1\Assignment1_A00999717\out\purchases.csv
2020-03-02 18:14:06.808 [main] INFO  a00999717.io.Reader - Collected purchases data.
2020-03-02 18:14:06.808 [main] INFO  a00999717.BookStore - Created Bcmc
2020-03-02 18:14:06.812 [main] DEBUG a00999717.BookStore - run()
2020-03-02 18:14:06.815 [main] DEBUG a00999717.BookStore - generating the reports
2020-03-02 18:14:06.815 [main] DEBUG a00999717.BookStore - generating the purchase report
2020-03-02 18:14:06.830 [main] DEBUG a00999717.io.Report - reportPurchases()
2020-03-02 18:14:06.836 [main] DEBUG a00999717.util.Sort - Sorting by title
2020-03-02 18:14:06.837 [main] INFO  a00999717.io.Report - Sorted the purchases by books' title
2020-03-02 18:14:06.867 [main] DEBUG a00999717.io.Writer - writePurchaseReport()
2020-03-02 18:14:06.871 [main] INFO  a00999717.io.Writer - Created a purchases report and saved it as 'purchases_report.txt'.
2020-03-02 18:14:06.872 [main] INFO  a00999717.BookStore - 2020-03-03T02:14:06.872Z
2020-03-02 18:14:06.873 [main] INFO  a00999717.BookStore - Duration: 125 ms
2020-03-02 18:16:33.747 [main] INFO  a00999717.BookStore - 2020-03-03T02:16:33.746Z
2020-03-02 18:16:33.776 [main] DEBUG a00999717.io.Reader - ReadingD:\Projects\bcit\COMP2613\Assignment_1\Assignment1\Assignment1_A00999717\out\customers.dat
2020-03-02 18:16:33.784 [main] INFO  a00999717.io.Reader - Collected customers data.
2020-03-02 18:16:33.788 [main] DEBUG a00999717.io.Reader - ReadingD:\Projects\bcit\COMP2613\Assignment_1\Assignment1\Assignment1_A00999717\out\books500.csv
2020-03-02 18:16:33.797 [main] INFO  a00999717.io.Reader - Collected books data.
2020-03-02 18:16:33.798 [main] DEBUG a00999717.io.Reader - ReadingD:\Projects\bcit\COMP2613\Assignment_1\Assignment1\Assignment1_A00999717\out\purchases.csv
2020-03-02 18:16:33.798 [main] INFO  a00999717.io.Reader - Collected purchases data.
2020-03-02 18:16:33.802 [main] INFO  a00999717.BookStore - Created Bcmc
2020-03-02 18:16:33.806 [main] DEBUG a00999717.BookStore - run()
2020-03-02 18:16:33.812 [main] DEBUG a00999717.BookStore - generating the reports
2020-03-02 18:16:33.812 [main] DEBUG a00999717.BookStore - generating the customer report
2020-03-02 18:16:33.836 [main] DEBUG a00999717.io.Report - reportCustomers()
2020-03-02 18:16:34.181 [main] DEBUG a00999717.io.Writer - writeCustomerReport()
2020-03-02 18:16:34.186 [main] INFO  a00999717.io.Writer - Created a customers report and saved it as 'customers_report.txt'.
2020-03-02 18:16:34.188 [main] DEBUG a00999717.BookStore - generating the book report
2020-03-02 18:16:34.189 [main] DEBUG a00999717.io.Report - reportBooks()
2020-03-02 18:16:34.450 [main] DEBUG a00999717.io.Writer - writeBookReport()
2020-03-02 18:16:34.457 [main] INFO  a00999717.io.Writer - Created a books report and saved it as 'books_report.txt'.
2020-03-02 18:16:34.460 [main] DEBUG a00999717.BookStore - generating the purchase report
2020-03-02 18:16:34.462 [main] DEBUG a00999717.io.Report - reportPurchases()
2020-03-02 18:16:34.506 [main] DEBUG a00999717.io.Writer - writePurchaseReport()
2020-03-02 18:16:34.547 [main] INFO  a00999717.io.Writer - Created a purchases report and saved it as 'purchases_report.txt'.
2020-03-02 18:16:34.547 [main] INFO  a00999717.BookStore - 2020-03-03T02:16:34.547Z
2020-03-02 18:16:34.549 [main] INFO  a00999717.BookStore - Duration: 801 ms
2020-03-02 18:17:23.959 [main] INFO  a00999717.BookStore - 2020-03-03T02:17:23.959Z
2020-03-02 18:17:23.989 [main] DEBUG a00999717.io.Reader - ReadingD:\Projects\bcit\COMP2613\Assignment_1\Assignment1\Assignment1_A00999717\out\customers.dat
2020-03-02 18:17:23.997 [main] INFO  a00999717.io.Reader - Collected customers data.
2020-03-02 18:17:24.001 [main] DEBUG a00999717.io.Reader - ReadingD:\Projects\bcit\COMP2613\Assignment_1\Assignment1\Assignment1_A00999717\out\books500.csv
2020-03-02 18:17:24.010 [main] INFO  a00999717.io.Reader - Collected books data.
2020-03-02 18:17:24.011 [main] DEBUG a00999717.io.Reader - ReadingD:\Projects\bcit\COMP2613\Assignment_1\Assignment1\Assignment1_A00999717\out\purchases.csv
2020-03-02 18:17:24.011 [main] INFO  a00999717.io.Reader - Collected purchases data.
2020-03-02 18:17:24.019 [main] INFO  a00999717.BookStore - Created Bcmc
2020-03-02 18:17:24.023 [main] DEBUG a00999717.BookStore - run()
2020-03-02 18:17:24.031 [main] DEBUG a00999717.BookStore - generating the reports
2020-03-02 18:17:24.033 [main] DEBUG a00999717.BookStore - generating the customer report
2020-03-02 18:17:24.052 [main] DEBUG a00999717.io.Report - reportCustomers()
2020-03-02 18:17:24.061 [main] DEBUG a00999717.util.Sort - Sorting by joined date.
2020-03-02 18:17:24.062 [main] INFO  a00999717.io.Report - Sorted the customers by join date.
2020-03-02 18:17:24.253 [main] DEBUG a00999717.io.Writer - writeCustomerReport()
2020-03-02 18:17:24.265 [main] INFO  a00999717.io.Writer - Created a customers report and saved it as 'customers_report.txt'.
2020-03-02 18:17:24.265 [main] INFO  a00999717.BookStore - 2020-03-03T02:17:24.265Z
2020-03-02 18:17:24.265 [main] INFO  a00999717.BookStore - Duration: 306 ms
2020-03-02 18:18:02.267 [main] INFO  a00999717.BookStore - 2020-03-03T02:18:02.266Z
2020-03-02 18:18:02.296 [main] DEBUG a00999717.io.Reader - ReadingD:\Projects\bcit\COMP2613\Assignment_1\Assignment1\Assignment1_A00999717\out\customers.dat
2020-03-02 18:18:02.303 [main] INFO  a00999717.io.Reader - Collected customers data.
2020-03-02 18:18:02.306 [main] DEBUG a00999717.io.Reader - ReadingD:\Projects\bcit\COMP2613\Assignment_1\Assignment1\Assignment1_A00999717\out\books500.csv
2020-03-02 18:18:02.315 [main] INFO  a00999717.io.Reader - Collected books data.
2020-03-02 18:18:02.315 [main] DEBUG a00999717.io.Reader - ReadingD:\Projects\bcit\COMP2613\Assignment_1\Assignment1\Assignment1_A00999717\out\purchases.csv
2020-03-02 18:18:02.316 [main] INFO  a00999717.io.Reader - Collected purchases data.
2020-03-02 18:18:02.316 [main] INFO  a00999717.BookStore - Created Bcmc
2020-03-02 18:18:02.319 [main] DEBUG a00999717.BookStore - run()
2020-03-02 18:18:02.319 [main] DEBUG a00999717.BookStore - generating the reports
2020-03-02 18:18:02.320 [main] DEBUG a00999717.BookStore - generating the book report
2020-03-02 18:18:02.324 [main] DEBUG a00999717.io.Report - reportBooks()
2020-03-02 18:18:02.325 [main] DEBUG a00999717.util.Sort - Sorting by author
2020-03-02 18:18:02.332 [main] INFO  a00999717.io.Report - Sorted the books by author.
2020-03-02 18:18:02.817 [main] DEBUG a00999717.io.Writer - writeBookReport()
2020-03-02 18:18:02.833 [main] INFO  a00999717.io.Writer - Created a books report and saved it as 'books_report.txt'.
2020-03-02 18:18:02.834 [main] INFO  a00999717.BookStore - 2020-03-03T02:18:02.834Z
2020-03-02 18:18:02.835 [main] INFO  a00999717.BookStore - Duration: 568 ms
2020-03-02 18:18:38.484 [main] INFO  a00999717.BookStore - 2020-03-03T02:18:38.482Z
2020-03-02 18:18:38.513 [main] DEBUG a00999717.io.Reader - ReadingD:\Projects\bcit\COMP2613\Assignment_1\Assignment1\Assignment1_A00999717\out\customers.dat
2020-03-02 18:18:38.521 [main] INFO  a00999717.io.Reader - Collected customers data.
2020-03-02 18:18:38.526 [main] DEBUG a00999717.io.Reader - ReadingD:\Projects\bcit\COMP2613\Assignment_1\Assignment1\Assignment1_A00999717\out\books500.csv
2020-03-02 18:18:38.535 [main] INFO  a00999717.io.Reader - Collected books data.
2020-03-02 18:18:38.536 [main] DEBUG a00999717.io.Reader - ReadingD:\Projects\bcit\COMP2613\Assignment_1\Assignment1\Assignment1_A00999717\out\purchases.csv
2020-03-02 18:18:38.537 [main] INFO  a00999717.io.Reader - Collected purchases data.
2020-03-02 18:18:38.547 [main] INFO  a00999717.BookStore - Created Bcmc
2020-03-02 18:18:38.561 [main] DEBUG a00999717.BookStore - run()
2020-03-02 18:18:38.561 [main] DEBUG a00999717.BookStore - generating the reports
2020-03-02 18:18:38.567 [main] DEBUG a00999717.BookStore - generating the purchase report
2020-03-02 18:18:38.594 [main] DEBUG a00999717.io.Report - reportPurchases()
2020-03-02 18:18:38.595 [main] DEBUG a00999717.util.Sort - Sorting by title
2020-03-02 18:18:38.601 [main] INFO  a00999717.io.Report - Sorted the purchases by books' title
2020-03-02 18:18:38.758 [main] DEBUG a00999717.io.Writer - writePurchaseReport()
2020-03-02 18:18:38.770 [main] INFO  a00999717.io.Writer - Created a purchases report and saved it as 'purchases_report.txt'.
2020-03-02 18:18:38.770 [main] INFO  a00999717.BookStore - 2020-03-03T02:18:38.770Z
2020-03-02 18:18:38.770 [main] INFO  a00999717.BookStore - Duration: 288 ms
2020-03-02 18:18:49.928 [main] INFO  a00999717.BookStore - 2020-03-03T02:18:49.927Z
2020-03-02 18:18:49.958 [main] DEBUG a00999717.io.Reader - ReadingD:\Projects\bcit\COMP2613\Assignment_1\Assignment1\Assignment1_A00999717\out\customers.dat
2020-03-02 18:18:49.964 [main] INFO  a00999717.io.Reader - Collected customers data.
2020-03-02 18:18:49.968 [main] DEBUG a00999717.io.Reader - ReadingD:\Projects\bcit\COMP2613\Assignment_1\Assignment1\Assignment1_A00999717\out\books500.csv
2020-03-02 18:18:49.977 [main] INFO  a00999717.io.Reader - Collected books data.
2020-03-02 18:18:49.978 [main] DEBUG a00999717.io.Reader - ReadingD:\Projects\bcit\COMP2613\Assignment_1\Assignment1\Assignment1_A00999717\out\purchases.csv
2020-03-02 18:18:49.979 [main] INFO  a00999717.io.Reader - Collected purchases data.
2020-03-02 18:18:49.983 [main] INFO  a00999717.BookStore - Created Bcmc
2020-03-02 18:18:49.985 [main] DEBUG a00999717.BookStore - run()
2020-03-02 18:18:49.993 [main] DEBUG a00999717.BookStore - generating the reports
2020-03-02 18:18:49.993 [main] DEBUG a00999717.BookStore - generating the purchase report
2020-03-02 18:18:50.027 [main] DEBUG a00999717.io.Report - reportPurchases()
2020-03-02 18:18:50.027 [main] DEBUG a00999717.util.Sort - Sorting by title
2020-03-02 18:18:50.033 [main] INFO  a00999717.io.Report - Sorted the purchases by books' title
2020-03-02 18:18:50.196 [main] DEBUG a00999717.io.Writer - writePurchaseReport()
2020-03-02 18:18:50.209 [main] INFO  a00999717.io.Writer - Created a purchases report and saved it as 'purchases_report.txt'.
2020-03-02 18:18:50.210 [main] INFO  a00999717.BookStore - 2020-03-03T02:18:50.210Z
2020-03-02 18:18:50.210 [main] INFO  a00999717.BookStore - Duration: 283 ms
2020-03-02 18:19:09.062 [main] INFO  a00999717.BookStore - 2020-03-03T02:19:09.060Z
2020-03-02 18:19:09.091 [main] DEBUG a00999717.io.Reader - ReadingD:\Projects\bcit\COMP2613\Assignment_1\Assignment1\Assignment1_A00999717\out\customers.dat
2020-03-02 18:19:09.098 [main] INFO  a00999717.io.Reader - Collected customers data.
2020-03-02 18:19:09.102 [main] DEBUG a00999717.io.Reader - ReadingD:\Projects\bcit\COMP2613\Assignment_1\Assignment1\Assignment1_A00999717\out\books500.csv
2020-03-02 18:19:09.112 [main] INFO  a00999717.io.Reader - Collected books data.
2020-03-02 18:19:09.112 [main] DEBUG a00999717.io.Reader - ReadingD:\Projects\bcit\COMP2613\Assignment_1\Assignment1\Assignment1_A00999717\out\purchases.csv
2020-03-02 18:19:09.113 [main] INFO  a00999717.io.Reader - Collected purchases data.
2020-03-02 18:19:09.122 [main] INFO  a00999717.BookStore - Created Bcmc
2020-03-02 18:19:09.128 [main] DEBUG a00999717.BookStore - run()
2020-03-02 18:19:09.128 [main] DEBUG a00999717.BookStore - generating the reports
2020-03-02 18:19:09.132 [main] DEBUG a00999717.BookStore - generating the purchase report
2020-03-02 18:19:09.160 [main] DEBUG a00999717.io.Report - reportPurchases()
2020-03-02 18:19:09.167 [main] DEBUG a00999717.util.Sort - Sorting by last name
2020-03-02 18:19:09.167 [main] INFO  a00999717.io.Report - Sorted the purchases by customers' last name.
2020-03-02 18:19:09.436 [main] DEBUG a00999717.io.Writer - writePurchaseReport()
2020-03-02 18:19:09.449 [main] INFO  a00999717.io.Writer - Created a purchases report and saved it as 'purchases_report.txt'.
2020-03-02 18:19:09.449 [main] INFO  a00999717.BookStore - 2020-03-03T02:19:09.449Z
2020-03-02 18:19:09.449 [main] INFO  a00999717.BookStore - Duration: 389 ms
2020-03-02 18:19:30.207 [main] INFO  a00999717.BookStore - 2020-03-03T02:19:30.205Z
2020-03-02 18:19:30.236 [main] DEBUG a00999717.io.Reader - ReadingD:\Projects\bcit\COMP2613\Assignment_1\Assignment1\Assignment1_A00999717\out\customers.dat
2020-03-02 18:19:30.243 [main] INFO  a00999717.io.Reader - Collected customers data.
2020-03-02 18:19:30.246 [main] DEBUG a00999717.io.Reader - ReadingD:\Projects\bcit\COMP2613\Assignment_1\Assignment1\Assignment1_A00999717\out\books500.csv
2020-03-02 18:19:30.255 [main] INFO  a00999717.io.Reader - Collected books data.
2020-03-02 18:19:30.256 [main] DEBUG a00999717.io.Reader - ReadingD:\Projects\bcit\COMP2613\Assignment_1\Assignment1\Assignment1_A00999717\out\purchases.csv
2020-03-02 18:19:30.256 [main] INFO  a00999717.io.Reader - Collected purchases data.
2020-03-02 18:19:30.257 [main] INFO  a00999717.BookStore - Created Bcmc
2020-03-02 18:19:30.259 [main] DEBUG a00999717.BookStore - run()
2020-03-02 18:19:30.260 [main] DEBUG a00999717.BookStore - generating the reports
2020-03-02 18:19:30.260 [main] DEBUG a00999717.BookStore - generating the purchase report
2020-03-02 18:19:30.261 [main] DEBUG a00999717.io.Report - reportPurchases()
2020-03-02 18:19:30.261 [main] DEBUG a00999717.util.Sort - Sorting by title
2020-03-02 18:19:30.261 [main] INFO  a00999717.io.Report - Sorted the purchases by books' title
2020-03-02 18:19:30.431 [main] DEBUG a00999717.io.Writer - writePurchaseReport()
2020-03-02 18:19:30.436 [main] INFO  a00999717.io.Writer - Created a purchases report and saved it as 'purchases_report.txt'.
2020-03-02 18:19:30.442 [main] INFO  a00999717.BookStore - 2020-03-03T02:19:30.442Z
2020-03-02 18:19:30.442 [main] INFO  a00999717.BookStore - Duration: 237 ms
2020-03-02 18:19:53.257 [main] INFO  a00999717.BookStore - 2020-03-03T02:19:53.255Z
2020-03-02 18:19:53.286 [main] DEBUG a00999717.io.Reader - ReadingD:\Projects\bcit\COMP2613\Assignment_1\Assignment1\Assignment1_A00999717\out\customers.dat
2020-03-02 18:19:53.295 [main] INFO  a00999717.io.Reader - Collected customers data.
2020-03-02 18:19:53.298 [main] DEBUG a00999717.io.Reader - ReadingD:\Projects\bcit\COMP2613\Assignment_1\Assignment1\Assignment1_A00999717\out\books500.csv
2020-03-02 18:19:53.307 [main] INFO  a00999717.io.Reader - Collected books data.
2020-03-02 18:19:53.308 [main] DEBUG a00999717.io.Reader - ReadingD:\Projects\bcit\COMP2613\Assignment_1\Assignment1\Assignment1_A00999717\out\purchases.csv
2020-03-02 18:19:53.309 [main] INFO  a00999717.io.Reader - Collected purchases data.
2020-03-02 18:19:53.309 [main] INFO  a00999717.BookStore - Created Bcmc
2020-03-02 18:19:53.312 [main] DEBUG a00999717.BookStore - run()
2020-03-02 18:19:53.312 [main] DEBUG a00999717.BookStore - generating the reports
2020-03-02 18:19:53.312 [main] DEBUG a00999717.BookStore - generating the purchase report
2020-03-02 18:19:53.312 [main] DEBUG a00999717.io.Report - reportPurchases()
2020-03-02 18:19:53.312 [main] DEBUG a00999717.util.Sort - Sorting by title
2020-03-02 18:19:53.312 [main] INFO  a00999717.io.Report - Sorted the purchases by books' title
2020-03-02 18:19:53.314 [main] DEBUG a00999717.io.Writer - writePurchaseReport()
2020-03-02 18:19:53.322 [main] INFO  a00999717.io.Writer - Created a purchases report and saved it as 'purchases_report.txt'.
2020-03-02 18:19:53.323 [main] INFO  a00999717.BookStore - 2020-03-03T02:19:53.323Z
2020-03-02 18:19:53.323 [main] INFO  a00999717.BookStore - Duration: 68 ms
